Files already downloaded and verified
Files already downloaded and verified
Files already downloaded and verified
Files already downloaded and verified
Files already downloaded and verified
Files already downloaded and verified
[1,  2000] loss: 2.131
[1,  4000] loss: 1.757
[1,  6000] loss: 1.601
[1,  8000] loss: 1.488
[1, 10000] loss: 1.455
[1, 12000] loss: 1.396
Files already downloaded and verified
Files already downloaded and verified
Files already downloaded and verified
Files already downloaded and verified
[2,  2000] loss: 1.333
[2,  4000] loss: 1.286
[2,  6000] loss: 1.283
[2,  8000] loss: 1.250
[2, 10000] loss: 1.238
[2, 12000] loss: 1.209
Finished Training in  342.00 seconds
Files already downloaded and verified
Files already downloaded and verified
Files already downloaded and verified
Files already downloaded and verified
Testing 10000 images completed in  21.80 seconds
Accuracy of the network on the 10000 test images: 55 %
